<?xml version="1.0" encoding="UTF-8"?>
<!-- Generated by org.testng.reporters.JUnitXMLReporter -->
<testsuite ignored="3" hostname="DESKTOP-HP840" failures="0" tests="2" name="TestGroupingSingleClass" time="0.066" errors="0" timestamp="24 Mar 2022 06:48:09 GMT">
  <testcase classname="Velocity_Chinchwad.Dec_11_Evening.GroupingClass" name="abc" time="0.018"/>
  <testcase classname="Velocity_Chinchwad.Dec_11_Evening.GroupingClass" name="pqr" time="0.004"/>
  <testcase classname="Velocity_Chinchwad.Dec_11_Evening.GroupingClass" name="mno" time="0.0">
    <ignored/>
  </testcase> <!-- mno -->
  <testcase classname="Velocity_Chinchwad.Dec_11_Evening.GroupingClass" name="xyz" time="0.0">
    <ignored/>
  </testcase> <!-- xyz -->
  <testcase classname="Velocity_Chinchwad.Dec_11_Evening.GroupingClass" name="def" time="0.0">
    <ignored/>
  </testcase> <!-- def -->
</testsuite> <!-- TestGroupingSingleClass -->
