<?xml version="1.0" encoding="UTF-8"?>
<!-- Generated by org.testng.reporters.JUnitXMLReporter -->
<testsuite ignored="3" hostname="DESKTOP-HP840" failures="0" tests="2" name="TestGroupingPractice1" time="0.06" errors="0" timestamp="24 Mar 2022 18:12:46 GMT">
  <testcase classname="groupU_Mock.Grouping_3" name="abc" time="0.015"/>
  <testcase classname="groupU_Mock.Grouping_3" name="pqr" time="0.002"/>
  <testcase classname="groupU_Mock.Grouping_3" name="def" time="0.0">
    <ignored/>
  </testcase> <!-- def -->
  <testcase classname="groupU_Mock.Grouping_3" name="xyz" time="0.0">
    <ignored/>
  </testcase> <!-- xyz -->
  <testcase classname="groupU_Mock.Grouping_3" name="mno" time="0.0">
    <ignored/>
  </testcase> <!-- mno -->
</testsuite> <!-- TestGroupingPractice1 -->
