<?xml version="1.0" encoding="UTF-8"?>
<!-- Generated by org.testng.reporters.JUnitXMLReporter -->
<testsuite ignored="3" hostname="DESKTOP-HP840" failures="2" tests="2" name="TestAmazonRegression" time="0.066" errors="0" timestamp="24 Mar 2022 06:38:37 GMT">
  <testcase classname="amazonTestClasses.AmazonTest" name="Verifyusername" time="0.017">
    <failure type="java.lang.NullPointerException" message="Cannot invoke &amp;quot;amazonPOMClasses.UsernameClass.setUsername()&amp;quot; because &amp;quot;this.a&amp;quot; is null">
      <![CDATA[java.lang.NullPointerException: Cannot invoke "amazonPOMClasses.UsernameClass.setUsername()" because "this.a" is null
at amazonTestClasses.AmazonTest.Verifyusername(AmazonTest.java:31)
... Removed 25 stack frames]]>
    </failure>
  </testcase> <!-- Verifyusername -->
  <testcase classname="amazonTestClasses.AmazonTest" name="VerifyPass" time="0.004">
    <failure type="java.lang.NullPointerException" message="Cannot invoke &amp;quot;org.openqa.selenium.WebDriver.manage()&amp;quot; because &amp;quot;this.driver&amp;quot; is null">
      <![CDATA[java.lang.NullPointerException: Cannot invoke "org.openqa.selenium.WebDriver.manage()" because "this.driver" is null
at amazonTestClasses.AmazonTest.VerifyPass(AmazonTest.java:36)
... Removed 25 stack frames]]>
    </failure>
  </testcase> <!-- VerifyPass -->
  <testcase classname="amazonTestClasses.AmazonTest" name="selectProduct" time="0.0">
    <ignored/>
  </testcase> <!-- selectProduct -->
  <testcase classname="amazonTestClasses.AmazonTest" name="verifyCartButton" time="0.0">
    <ignored/>
  </testcase> <!-- verifyCartButton -->
  <testcase classname="amazonTestClasses.AmazonTest" name="searchProduct" time="0.0">
    <ignored/>
  </testcase> <!-- searchProduct -->
</testsuite> <!-- TestAmazonRegression -->
