<?xml version="1.0" encoding="UTF-8"?>
<!-- Generated by org.testng.reporters.JUnitXMLReporter -->
<testsuite ignored="0" hostname="DESKTOP-HP840" failures="0" tests="4" name="TestParellelTestingTwoClasses" time="18.22" errors="0" timestamp="24 Mar 2022 11:30:20 GMT">
  <testcase classname="testSuites.ParellelTestingMultipleClasses" name="launchBrowser" time="10.74"/>
  <testcase classname="testSuites.ParellelTestingMultipleClasses" name="welcome" time="0.004"/>
  <testcase classname="testSuites.EdgeLaunch" name="launchBrowser" time="18.17"/>
  <testcase classname="testSuites.EdgeLaunch" name="welcome" time="0.004"/>
</testsuite> <!-- TestParellelTestingTwoClasses -->
