<?xml version="1.0" encoding="UTF-8"?>
<!-- Generated by org.testng.reporters.JUnitXMLReporter -->
<testsuite ignored="4" hostname="DESKTOP-HP840" failures="0" tests="11" name="TestMetaGroupingMock" time="0.12" errors="0" timestamp="24 Mar 2022 11:07:49 GMT">
  <testcase classname="groupingPractice.GroupingClass" name="abc" time="0.012"/>
  <testcase classname="groupingPractice.GroupingClass" name="def" time="0.003"/>
  <testcase classname="groupingPractice.GroupingClass" name="mno" time="0.002"/>
  <testcase classname="groupingPractice.GroupingClass" name="pqr" time="0.003"/>
  <testcase classname="groupingPractice.GroupingClass" name="xyz" time="0.004"/>
  <testcase classname="groupingPractice.Grouping_2" name="abc" time="0.003"/>
  <testcase classname="groupingPractice.Grouping_2" name="pqr" time="0.002"/>
  <testcase classname="groupingPractice.Grouping_2" name="xyz" time="0.002"/>
  <testcase classname="groupingPractice.Grouping_3" name="abc" time="0.001"/>
  <testcase classname="groupingPractice.Grouping_3" name="pqr" time="0.001"/>
  <testcase classname="groupingPractice.Grouping_3" name="xyz" time="0.003"/>
  <testcase classname="groupingPractice.Grouping_2" name="def" time="0.0">
    <ignored/>
  </testcase> <!-- def -->
  <testcase classname="groupingPractice.Grouping_3" name="def" time="0.0">
    <ignored/>
  </testcase> <!-- def -->
  <testcase classname="groupingPractice.Grouping_2" name="mno" time="0.0">
    <ignored/>
  </testcase> <!-- mno -->
  <testcase classname="groupingPractice.Grouping_3" name="mno" time="0.0">
    <ignored/>
  </testcase> <!-- mno -->
</testsuite> <!-- TestMetaGroupingMock -->
