<?xml version="1.0" encoding="UTF-8"?>
<!-- Generated by org.testng.reporters.JUnitXMLReporter -->
<testsuite ignored="8" hostname="DESKTOP-HP840" failures="0" tests="7" name="TestMetaGrouping" time="0.124" errors="0" timestamp="24 Mar 2022 07:35:10 GMT">
  <testcase classname="Velocity_Chinchwad.Dec_11_Evening.GroupingClass" name="def" time="0.028"/>
  <testcase classname="Velocity_Chinchwad.Dec_11_Evening.GroupingClass" name="mno" time="0.003"/>
  <testcase classname="Velocity_Chinchwad.Dec_11_Evening.GroupingClass" name="xyz" time="0.003"/>
  <testcase classname="Velocity_Chinchwad.Dec_11_Evening.Grouping_2" name="abc" time="0.001"/>
  <testcase classname="Velocity_Chinchwad.Dec_11_Evening.Grouping_2" name="xyz" time="0.008"/>
  <testcase classname="groupingPractice.Grouping_3" name="abc" time="0.003"/>
  <testcase classname="groupingPractice.Grouping_3" name="xyz" time="0.01"/>
  <testcase classname="groupingPractice.Grouping_3" name="pqr" time="0.0">
    <ignored/>
  </testcase> <!-- pqr -->
  <testcase classname="groupingPractice.Grouping_3" name="def" time="0.0">
    <ignored/>
  </testcase> <!-- def -->
  <testcase classname="Velocity_Chinchwad.Dec_11_Evening.GroupingClass" name="pqr" time="0.0">
    <ignored/>
  </testcase> <!-- pqr -->
  <testcase classname="Velocity_Chinchwad.Dec_11_Evening.Grouping_2" name="def" time="0.0">
    <ignored/>
  </testcase> <!-- def -->
  <testcase classname="Velocity_Chinchwad.Dec_11_Evening.GroupingClass" name="abc" time="0.0">
    <ignored/>
  </testcase> <!-- abc -->
  <testcase classname="Velocity_Chinchwad.Dec_11_Evening.Grouping_2" name="mno" time="0.0">
    <ignored/>
  </testcase> <!-- mno -->
  <testcase classname="groupingPractice.Grouping_3" name="mno" time="0.0">
    <ignored/>
  </testcase> <!-- mno -->
  <testcase classname="Velocity_Chinchwad.Dec_11_Evening.Grouping_2" name="pqr" time="0.0">
    <ignored/>
  </testcase> <!-- pqr -->
</testsuite> <!-- TestMetaGrouping -->
