<?xml version="1.0" encoding="UTF-8"?>
<!-- Generated by org.testng.reporters.JUnitXMLReporter -->
<testsuite ignored="0" hostname="DESKTOP-HP840" failures="0" tests="6" name="TestMock" time="19.115" errors="0" timestamp="24 Mar 2022 10:21:36 GMT">
  <testcase classname="groupU_Mock.ActitimeTestClass" name="Login" time="0.56"/>
  <testcase classname="groupU_Mock.ActitimeTestClass" name="verifyLogo" time="3.725"/>
  <testcase classname="groupU_Mock.ActitimeTestClass" name="verifyTasksBlock" time="3.238"/>
  <testcase classname="groupU_Mock.ActitimeTestClass" name="reportsBlock" time="1.518"/>
  <testcase classname="groupU_Mock.ActitimeTestClass" name="usersBlock" time="3.033"/>
  <testcase classname="groupU_Mock.ActitimeTestClass" name="Logout" time="0.252"/>
</testsuite> <!-- TestMock -->
