<?xml version="1.0" encoding="UTF-8"?>
<!-- Generated by org.testng.reporters.JUnitXMLReporter -->
<testsuite ignored="5" hostname="DESKTOP-HP840" failures="0" tests="5" name="TestGroupingClassPractice" time="0.07" errors="0" timestamp="24 Mar 2022 10:53:43 GMT">
  <testcase classname="groupingPractice.GroupingClass" name="abc" time="0.014"/>
  <testcase classname="groupingPractice.GroupingClass" name="pqr" time="0.001"/>
  <testcase classname="groupingPractice.GroupingClass" name="xyz" time="0.002"/>
  <testcase classname="Velocity_Chinchwad.Dec_11_Evening.Grouping_2" name="abc" time="0.002"/>
  <testcase classname="Velocity_Chinchwad.Dec_11_Evening.Grouping_2" name="pqr" time="0.004"/>
  <testcase classname="groupingPractice.GroupingClass" name="def" time="0.0">
    <ignored/>
  </testcase> <!-- def -->
  <testcase classname="Velocity_Chinchwad.Dec_11_Evening.Grouping_2" name="xyz" time="0.0">
    <ignored/>
  </testcase> <!-- xyz -->
  <testcase classname="Velocity_Chinchwad.Dec_11_Evening.Grouping_2" name="def" time="0.0">
    <ignored/>
  </testcase> <!-- def -->
  <testcase classname="groupingPractice.GroupingClass" name="mno" time="0.0">
    <ignored/>
  </testcase> <!-- mno -->
  <testcase classname="Velocity_Chinchwad.Dec_11_Evening.Grouping_2" name="mno" time="0.0">
    <ignored/>
  </testcase> <!-- mno -->
</testsuite> <!-- TestGroupingClassPractice -->
